# JRE version: Java(TM) SE Runtime Environment (8.0_212-b10) (build 1.8.0_212-b10)
# Java VM: Java HotSpot(TM) 64-Bit Server VM (25.212-b10 mixed mode bsd-amd64 compressed oops)
Heap:
 PSYoungGen      total 83968K, used 83122K [0x0000000780000000, 0x00000007a1880000, 0x00000007c0000000)
  eden space 75776K, 98% used [0x0000000780000000,0x000000078492cb58,0x0000000784a00000)
  from space 8192K, 100% used [0x00000007a0880000,0x00000007a1080000,0x00000007a1080000)
  to   space 8192K, 0% used [0x00000007a1080000,0x00000007a1080000,0x00000007a1880000)
 ParOldGen       total 349696K, used 212490K [0x0000000700000000, 0x0000000715580000, 0x0000000780000000)
  object space 349696K, 60% used [0x0000000700000000,0x000000070cf828f0,0x0000000715580000)
 Metaspace       used 18709K, capacity 19136K, committed 19328K, reserved 1067008K
  class space    used 2304K, capacity 2416K, committed 2432K, reserved 1048576K
GC Heap History (10 events):
Event: 183.605 GC heap before
{Heap before GC invocations=1405 (full 0):
 PSYoungGen      total 54272K, used 53984K [0x0000000780000000, 0x00000007a1880000, 0x00000007c0000000)
  eden space 53760K, 100% used [0x0000000780000000,0x0000000783480000,0x0000000783480000)
  from space 512K, 43% used [0x00000007a1800000,0x00000007a1838000,0x00000007a1880000)
  to   space 512K, 0% used [0x00000007a1780000,0x00000007a1780000,0x00000007a1800000)
 ParOldGen       total 349696K, used 158842K [0x0000000700000000, 0x0000000715580000, 0x0000000780000000)
  object space 349696K, 45% used [0x0000000700000000,0x0000000709b1e8f0,0x0000000715580000)
 Metaspace       used 18696K, capacity 19136K, committed 19328K, reserved 1067008K
  class space    used 2304K, capacity 2416K, committed 2432K, reserved 1048576K
Event: 183.606 GC heap after
Heap after GC invocations=1405 (full 0):
 PSYoungGen      total 53760K, used 288K [0x0000000780000000, 0x00000007a1880000, 0x00000007c0000000)
  eden space 53248K, 0% used [0x0000000780000000,0x0000000780000000,0x0000000783400000)
  from space 512K, 56% used [0x00000007a1780000,0x00000007a17c8000,0x00000007a1800000)
  to   space 512K, 0% used [0x00000007a1800000,0x00000007a1800000,0x00000007a1880000)
 ParOldGen       total 349696K, used 158914K [0x0000000700000000, 0x0000000715580000, 0x0000000780000000)
  object space 349696K, 45% used [0x0000000700000000,0x0000000709b308f0,0x0000000715580000)
 Metaspace       used 18696K, capacity 19136K, committed 19328K, reserved 1067008K
  class space    used 2304K, capacity 2416K, committed 2432K, reserved 1048576K
}
Event: 183.731 GC heap before
{Heap before GC invocations=1406 (full 0):
 PSYoungGen      total 53760K, used 53536K [0x0000000780000000, 0x00000007a1880000, 0x00000007c0000000)
  eden space 53248K, 100% used [0x0000000780000000,0x0000000783400000,0x0000000783400000)
  from space 512K, 56% used [0x00000007a1780000,0x00000007a17c8000,0x00000007a1800000)
  to   space 512K, 0% used [0x00000007a1800000,0x00000007a1800000,0x00000007a1880000)
 ParOldGen       total 349696K, used 158914K [0x0000000700000000, 0x0000000715580000, 0x0000000780000000)
  object space 349696K, 45% used [0x0000000700000000,0x0000000709b308f0,0x0000000715580000)
 Metaspace       used 18696K, capacity 19136K, committed 19328K, reserved 1067008K
  class space    used 2304K, capacity 2416K, committed 2432K, reserved 1048576K
Event: 183.732 GC heap after
Heap after GC invocations=1406 (full 0):
 PSYoungGen      total 53248K, used 224K [0x0000000780000000, 0x00000007a1880000, 0x00000007c0000000)
  eden space 52736K, 0% used [0x0000000780000000,0x0000000780000000,0x0000000783380000)
  from space 512K, 43% used [0x00000007a1800000,0x00000007a1838000,0x00000007a1880000)
  to   space 512K, 0% used [0x00000007a1780000,0x00000007a1780000,0x00000007a1800000)
 ParOldGen       total 349696K, used 158962K [0x0000000700000000, 0x0000000715580000, 0x0000000780000000)
  object space 349696K, 45% used [0x0000000700000000,0x0000000709b3c8f0,0x0000000715580000)
 Metaspace       used 18696K, capacity 19136K, committed 19328K, reserved 1067008K
  class space    used 2304K, capacity 2416K, committed 2432K, reserved 1048576K
}
Event: 183.842 GC heap before
{Heap before GC invocations=1407 (full 0):
 PSYoungGen      total 53248K, used 52960K [0x0000000780000000, 0x00000007a1880000, 0x00000007c0000000)
  eden space 52736K, 100% used [0x0000000780000000,0x0000000783380000,0x0000000783380000)
  from space 512K, 43% used [0x00000007a1800000,0x00000007a1838000,0x00000007a1880000)
  to   space 512K, 0% used [0x00000007a1780000,0x00000007a1780000,0x00000007a1800000)
 ParOldGen       total 349696K, used 158962K [0x0000000700000000, 0x0000000715580000, 0x0000000780000000)
  object space 349696K, 45% used [0x0000000700000000,0x0000000709b3c8f0,0x0000000715580000)
 Metaspace       used 18696K, capacity 19136K, committed 19328K, reserved 1067008K
  class space    used 2304K, capacity 2416K, committed 2432K, reserved 1048576K
Event: 183.843 GC heap after
Heap after GC invocations=1407 (full 0):
 PSYoungGen      total 52736K, used 192K [0x0000000780000000, 0x00000007a1880000, 0x00000007c0000000)
  eden space 52224K, 0% used [0x0000000780000000,0x0000000780000000,0x0000000783300000)
  from space 512K, 37% used [0x00000007a1780000,0x00000007a17b0000,0x00000007a1800000)
  to   space 512K, 0% used [0x00000007a1800000,0x00000007a1800000,0x00000007a1880000)
 ParOldGen       total 349696K, used 159010K [0x0000000700000000, 0x0000000715580000, 0x0000000780000000)
  object space 349696K, 45% used [0x0000000700000000,0x0000000709b488f0,0x0000000715580000)
 Metaspace       used 18696K, capacity 19136K, committed 19328K, reserved 1067008K
  class space    used 2304K, capacity 2416K, committed 2432K, reserved 1048576K
}
Event: 183.960 GC heap before
{Heap before GC invocations=1408 (full 0):
 PSYoungGen      total 52736K, used 52416K [0x0000000780000000, 0x00000007a1880000, 0x00000007c0000000)
  eden space 52224K, 100% used [0x0000000780000000,0x0000000783300000,0x0000000783300000)
  from space 512K, 37% used [0x00000007a1780000,0x00000007a17b0000,0x00000007a1800000)
  to   space 512K, 0% used [0x00000007a1800000,0x00000007a1800000,0x00000007a1880000)
 ParOldGen       total 349696K, used 159010K [0x0000000700000000, 0x0000000715580000, 0x0000000780000000)
  object space 349696K, 45% used [0x0000000700000000,0x0000000709b488f0,0x0000000715580000)
 Metaspace       used 18700K, capacity 19136K, committed 19328K, reserved 1067008K
  class space    used 2304K, capacity 2416K, committed 2432K, reserved 1048576K
Event: 183.970 GC heap after
Heap after GC invocations=1408 (full 0):
 PSYoungGen      total 63488K, used 512K [0x0000000780000000, 0x00000007a1880000, 0x00000007c0000000)
  eden space 62976K, 0% used [0x0000000780000000,0x0000000780000000,0x0000000783d80000)
  from space 512K, 100% used [0x00000007a1800000,0x00000007a1880000,0x00000007a1880000)
  to   space 8192K, 0% used [0x00000007a0880000,0x00000007a0880000,0x00000007a1080000)
 ParOldGen       total 349696K, used 179402K [0x0000000700000000, 0x0000000715580000, 0x0000000780000000)
  object space 349696K, 51% used [0x0000000700000000,0x000000070af328f0,0x0000000715580000)
 Metaspace       used 18700K, capacity 19136K, committed 19328K, reserved 1067008K
  class space    used 2304K, capacity 2416K, committed 2432K, reserved 1048576K
}
Event: 184.166 GC heap before
{Heap before GC invocations=1409 (full 0):
 PSYoungGen      total 63488K, used 63488K [0x0000000780000000, 0x00000007a1880000, 0x00000007c0000000)
  eden space 62976K, 100% used [0x0000000780000000,0x0000000783d80000,0x0000000783d80000)
  from space 512K, 100% used [0x00000007a1800000,0x00000007a1880000,0x00000007a1880000)
  to   space 8192K, 0% used [0x00000007a0880000,0x00000007a0880000,0x00000007a1080000)
 ParOldGen       total 349696K, used 179402K [0x0000000700000000, 0x0000000715580000, 0x0000000780000000)
  object space 349696K, 51% used [0x0000000700000000,0x000000070af328f0,0x0000000715580000)
 Metaspace       used 18709K, capacity 19136K, committed 19328K, reserved 1067008K
  class space    used 2304K, capacity 2416K, committed 2432K, reserved 1048576K
Event: 184.183 GC heap after
Heap after GC invocations=1409 (full 0):
 PSYoungGen      total 83968K, used 8192K [0x0000000780000000, 0x00000007a1880000, 0x00000007c0000000)
  eden space 75776K, 0% used [0x0000000780000000,0x0000000780000000,0x0000000784a00000)
  from space 8192K, 100% used [0x00000007a0880000,0x00000007a1080000,0x00000007a1080000)
  to   space 8192K, 0% used [0x00000007a1080000,0x00000007a1080000,0x00000007a1880000)
 ParOldGen       total 349696K, used 212490K [0x0000000700000000, 0x0000000715580000, 0x0000000780000000)
  object space 349696K, 60% used [0x0000000700000000,0x000000070cf828f0,0x0000000715580000)
 Metaspace       used 18709K, capacity 19136K, committed 19328K, reserved 1067008K
  class space    used 2304K, capacity 2416K, committed 2432K, reserved 1048576K
}

